======================================================================
NB12: SST Regridding Preprocessor
  Source: /g/data/gv90/xl1657/cmems_sst (0.05° daily)
  Output: /g/data/gv90/xl1657/cmems_adt/meander_sst_project/sst_regridded (0.125° monthly)
  Years: 1993–2025
======================================================================
  Processing 33 years...
  1993: Loading cmems_ostia_sst_so30S_1993.nc...
    Variable: analysed_sst, Lat: latitude, Lon: longitude
    Shape: (365, 1200, 7199)
    Computing monthly means...
    Monthly means: 12 months
    Source grid: 1200 lat × 7199 lon
    Regridding to 0.125°...
    Converting from Kelvin to Celsius...
    Saved: sst_monthly_0125deg_1993.nc (25 MB, 184s)
  1994: Loading cmems_ostia_sst_so30S_1994.nc...
    Variable: analysed_sst, Lat: latitude, Lon: longitude
    Shape: (365, 1200, 7199)
    Computing monthly means...
    Monthly means: 12 months
    Source grid: 1200 lat × 7199 lon
    Regridding to 0.125°...
    Converting from Kelvin to Celsius...
    Saved: sst_monthly_0125deg_1994.nc (25 MB, 135s)
  1995: Loading cmems_ostia_sst_so30S_1995.nc...
    ERROR processing 1995: [Errno -101] NetCDF: HDF error: '/g/data/gv90/xl1657/cmems_sst/cmems_ostia_sst_so30S_1995.nc'
  1996: Loading cmems_ostia_sst_so30S_1996.nc...
    Variable: analysed_sst, Lat: latitude, Lon: longitude
    Shape: (366, 1200, 7199)
    Computing monthly means...
    Monthly means: 12 months
    Source grid: 1200 lat × 7199 lon
    Regridding to 0.125°...
    Converting from Kelvin to Celsius...
    Saved: sst_monthly_0125deg_1996.nc (25 MB, 135s)
  1997: Loading cmems_ostia_sst_so30S_1997.nc...
    Variable: analysed_sst, Lat: latitude, Lon: longitude
    Shape: (365, 1200, 7199)
    Computing monthly means...
    Monthly means: 12 months
    Source grid: 1200 lat × 7199 lon
    Regridding to 0.125°...
    Converting from Kelvin to Celsius...
    Saved: sst_monthly_0125deg_1997.nc (25 MB, 123s)
  1998: Loading cmems_ostia_sst_so30S_1998.nc...
    Variable: analysed_sst, Lat: latitude, Lon: longitude
    Shape: (365, 1200, 7199)
    Computing monthly means...
    Monthly means: 12 months
    Source grid: 1200 lat × 7199 lon
    Regridding to 0.125°...
    Converting from Kelvin to Celsius...
    Saved: sst_monthly_0125deg_1998.nc (18 MB, 74s)
  1999: Loading cmems_ostia_sst_so30S_1999.nc...
    Variable: analysed_sst, Lat: latitude, Lon: longitude
    Shape: (365, 1200, 7199)
    Computing monthly means...
    Monthly means: 12 months
    Source grid: 1200 lat × 7199 lon
    Regridding to 0.125°...
    Converting from Kelvin to Celsius...
    Saved: sst_monthly_0125deg_1999.nc (25 MB, 133s)
  2000: Loading cmems_ostia_sst_so30S_2000.nc...
    Variable: analysed_sst, Lat: latitude, Lon: longitude
    Shape: (366, 1200, 7199)
    Computing monthly means...
    Monthly means: 12 months
    Source grid: 1200 lat × 7199 lon
    Regridding to 0.125°...
    Converting from Kelvin to Celsius...
    Saved: sst_monthly_0125deg_2000.nc (25 MB, 133s)
  2001: Loading cmems_ostia_sst_so30S_2001.nc...
    Variable: analysed_sst, Lat: latitude, Lon: longitude
    Shape: (365, 1200, 7199)
    Computing monthly means...
    Monthly means: 12 months
    Source grid: 1200 lat × 7199 lon
    Regridding to 0.125°...
    Converting from Kelvin to Celsius...
    Saved: sst_monthly_0125deg_2001.nc (25 MB, 123s)
  2002: Loading cmems_ostia_sst_so30S_2002.nc...
    Variable: analysed_sst, Lat: latitude, Lon: longitude
    Shape: (365, 1200, 7199)
    Computing monthly means...
    Monthly means: 12 months
    Source grid: 1200 lat × 7199 lon
    Regridding to 0.125°...
    Converting from Kelvin to Celsius...
    Saved: sst_monthly_0125deg_2002.nc (25 MB, 123s)
  2003: Loading cmems_ostia_sst_so30S_2003.nc...
    Variable: analysed_sst, Lat: latitude, Lon: longitude
    Shape: (365, 1200, 7199)
    Computing monthly means...
    Monthly means: 12 months
    Source grid: 1200 lat × 7199 lon
    Regridding to 0.125°...
    Converting from Kelvin to Celsius...
    Saved: sst_monthly_0125deg_2003.nc (25 MB, 127s)
  2004: Loading cmems_ostia_sst_so30S_2004.nc...
    Variable: analysed_sst, Lat: latitude, Lon: longitude
    Shape: (366, 1200, 7199)
    Computing monthly means...
    Monthly means: 12 months
    Source grid: 1200 lat × 7199 lon
    Regridding to 0.125°...
    Converting from Kelvin to Celsius...
    Saved: sst_monthly_0125deg_2004.nc (19 MB, 67s)
  2005: Loading cmems_ostia_sst_so30S_2005.nc...
    Variable: analysed_sst, Lat: latitude, Lon: longitude
    Shape: (365, 1200, 7199)
    Computing monthly means...
    Monthly means: 12 months
    Source grid: 1200 lat × 7199 lon
    Regridding to 0.125°...
    Converting from Kelvin to Celsius...
    Saved: sst_monthly_0125deg_2005.nc (19 MB, 84s)
  2006: Loading cmems_ostia_sst_so30S_2006.nc...
    Variable: analysed_sst, Lat: latitude, Lon: longitude
    Shape: (365, 1200, 7199)
    Computing monthly means...
    Monthly means: 12 months
    Source grid: 1200 lat × 7199 lon
    Regridding to 0.125°...
    Converting from Kelvin to Celsius...
    Saved: sst_monthly_0125deg_2006.nc (25 MB, 137s)
  2007: Loading cmems_ostia_sst_so30S_2007.nc...
    Variable: analysed_sst, Lat: latitude, Lon: longitude
    Shape: (365, 1200, 7199)
    Computing monthly means...
    Monthly means: 12 months
    Source grid: 1200 lat × 7199 lon
    Regridding to 0.125°...
    Converting from Kelvin to Celsius...
    Saved: sst_monthly_0125deg_2007.nc (25 MB, 128s)
  2008: Loading cmems_ostia_sst_so30S_2008.nc...
    Variable: analysed_sst, Lat: latitude, Lon: longitude
    Shape: (366, 1200, 7199)
    Computing monthly means...
    Monthly means: 12 months
    Source grid: 1200 lat × 7199 lon
    Regridding to 0.125°...
    Converting from Kelvin to Celsius...
    Saved: sst_monthly_0125deg_2008.nc (18 MB, 73s)
  2009: Loading cmems_ostia_sst_so30S_2009.nc...
    Variable: analysed_sst, Lat: latitude, Lon: longitude
    Shape: (365, 1200, 7199)
    Computing monthly means...
    Monthly means: 12 months
    Source grid: 1200 lat × 7199 lon
    Regridding to 0.125°...
    Converting from Kelvin to Celsius...
    Saved: sst_monthly_0125deg_2009.nc (25 MB, 142s)
  2010: Loading cmems_ostia_sst_so30S_2010.nc...
    Variable: analysed_sst, Lat: latitude, Lon: longitude
    Shape: (365, 1200, 7199)
    Computing monthly means...
    Monthly means: 12 months
    Source grid: 1200 lat × 7199 lon
    Regridding to 0.125°...
    Converting from Kelvin to Celsius...
    Saved: sst_monthly_0125deg_2010.nc (25 MB, 127s)
  2011: Loading cmems_ostia_sst_so30S_2011.nc...
    Variable: analysed_sst, Lat: latitude, Lon: longitude
    Shape: (365, 1200, 7199)
    Computing monthly means...
    Monthly means: 12 months
    Source grid: 1200 lat × 7199 lon
    Regridding to 0.125°...
    Converting from Kelvin to Celsius...
    Saved: sst_monthly_0125deg_2011.nc (25 MB, 132s)
  2012: Loading cmems_ostia_sst_so30S_2012.nc...
    Variable: analysed_sst, Lat: latitude, Lon: longitude
    Shape: (366, 1200, 7199)
    Computing monthly means...
    Monthly means: 12 months
    Source grid: 1200 lat × 7199 lon
    Regridding to 0.125°...
    Converting from Kelvin to Celsius...
    Saved: sst_monthly_0125deg_2012.nc (25 MB, 128s)
  2013: Loading cmems_ostia_sst_so30S_2013.nc...
    Variable: analysed_sst, Lat: latitude, Lon: longitude
    Shape: (365, 1200, 7199)
    Computing monthly means...
    Monthly means: 12 months
    Source grid: 1200 lat × 7199 lon
    Regridding to 0.125°...
    Converting from Kelvin to Celsius...
    Saved: sst_monthly_0125deg_2013.nc (24 MB, 122s)
  2014: Loading cmems_ostia_sst_so30S_2014.nc...
    Variable: analysed_sst, Lat: latitude, Lon: longitude
    Shape: (365, 1200, 7199)
    Computing monthly means...
    Monthly means: 12 months
    Source grid: 1200 lat × 7199 lon
    Regridding to 0.125°...
    Converting from Kelvin to Celsius...
    Saved: sst_monthly_0125deg_2014.nc (24 MB, 135s)
  2015: Loading cmems_ostia_sst_so30S_2015.nc...
    Variable: analysed_sst, Lat: latitude, Lon: longitude
    Shape: (365, 1200, 7199)
    Computing monthly means...
    Monthly means: 12 months
    Source grid: 1200 lat × 7199 lon
    Regridding to 0.125°...
    Converting from Kelvin to Celsius...
    Saved: sst_monthly_0125deg_2015.nc (25 MB, 119s)
  2016: Loading cmems_ostia_sst_so30S_2016.nc...
    Variable: analysed_sst, Lat: latitude, Lon: longitude
    Shape: (366, 1200, 7199)
    Computing monthly means...
    Monthly means: 12 months
    Source grid: 1200 lat × 7199 lon
    Regridding to 0.125°...
    Converting from Kelvin to Celsius...
    Saved: sst_monthly_0125deg_2016.nc (25 MB, 130s)
  2017: Loading cmems_ostia_sst_so30S_2017.nc...
    Variable: analysed_sst, Lat: latitude, Lon: longitude
    Shape: (365, 1200, 7199)
    Computing monthly means...
    Monthly means: 12 months
    Source grid: 1200 lat × 7199 lon
    Regridding to 0.125°...
    Converting from Kelvin to Celsius...
    Saved: sst_monthly_0125deg_2017.nc (25 MB, 124s)
  2018: Loading cmems_ostia_sst_so30S_2018.nc...
    Variable: analysed_sst, Lat: latitude, Lon: longitude
    Shape: (365, 1200, 7199)
    Computing monthly means...
    Monthly means: 12 months
    Source grid: 1200 lat × 7199 lon
    Regridding to 0.125°...
    Converting from Kelvin to Celsius...
    Saved: sst_monthly_0125deg_2018.nc (19 MB, 73s)
  2019: Loading cmems_ostia_sst_so30S_2019.nc...
    Variable: analysed_sst, Lat: latitude, Lon: longitude
    Shape: (365, 1200, 7199)
    Computing monthly means...
    Monthly means: 12 months
    Source grid: 1200 lat × 7199 lon
    Regridding to 0.125°...
    Converting from Kelvin to Celsius...
    Saved: sst_monthly_0125deg_2019.nc (26 MB, 141s)
  2020: Loading cmems_ostia_sst_so30S_2020.nc...
    Variable: analysed_sst, Lat: latitude, Lon: longitude
    Shape: (366, 1200, 7199)
    Computing monthly means...
    Monthly means: 12 months
    Source grid: 1200 lat × 7199 lon
    Regridding to 0.125°...
    Converting from Kelvin to Celsius...
    Saved: sst_monthly_0125deg_2020.nc (26 MB, 119s)
  2021: Loading cmems_ostia_sst_so30S_2021.nc...
    Variable: analysed_sst, Lat: latitude, Lon: longitude
    Shape: (365, 1200, 7199)
    Computing monthly means...
    Monthly means: 12 months
    Source grid: 1200 lat × 7199 lon
    Regridding to 0.125°...
    Converting from Kelvin to Celsius...
    Saved: sst_monthly_0125deg_2021.nc (19 MB, 79s)
  2022: Loading cmems_ostia_sst_so30S_2022.nc...
    Variable: analysed_sst, Lat: latitude, Lon: longitude
    Shape: (365, 1200, 7199)
    Computing monthly means...
    Monthly means: 12 months
    Source grid: 1200 lat × 7199 lon
    Regridding to 0.125°...
    Converting from Kelvin to Celsius...
    Saved: sst_monthly_0125deg_2022.nc (26 MB, 117s)
  2023: Loading cmems_ostia_sst_so30S_2023.nc...
    Variable: analysed_sst, Lat: latitude, Lon: longitude
    Shape: (365, 1200, 7199)
    Computing monthly means...
    Monthly means: 12 months
    Source grid: 1200 lat × 7199 lon
    Regridding to 0.125°...
    Converting from Kelvin to Celsius...
    Saved: sst_monthly_0125deg_2023.nc (26 MB, 85s)
  2024: Loading cmems_ostia_sst_so30S_2024.nc...
    Variable: analysed_sst, Lat: latitude, Lon: longitude
    Shape: (366, 1200, 7199)
    Computing monthly means...
    Monthly means: 12 months
    Source grid: 1200 lat × 7199 lon
    Regridding to 0.125°...
    Converting from Kelvin to Celsius...
    Saved: sst_monthly_0125deg_2024.nc (19 MB, 49s)
  2025: Loading cmems_ostia_sst_so30S_2025.nc...
    Variable: analysed_sst, Lat: latitude, Lon: longitude
    Shape: (214, 1200, 7199)
    Computing monthly means...
    Monthly means: 8 months
    Source grid: 1200 lat × 7199 lon
    Regridding to 0.125°...
    Converting from Kelvin to Celsius...
    Saved: sst_monthly_0125deg_2025.nc (17 MB, 51s)

======================================================================
Regridding complete: 32 succeeded, 1 failed
Output: /g/data/gv90/xl1657/cmems_adt/meander_sst_project/sst_regridded
======================================================================

======================================================================================
                  Resource Usage on 2026-04-05 23:44:25:
   Job Id:             164810967.gadi-pbs
   Project:            gv90
   Exit Status:        0
   Service Units:      16.30
   NCPUs Requested:    1                   CPU Time Used: 00:57:47        
   Memory Requested:   32.0GB                Memory Used: 32.0GB          
   Walltime Requested: 06:00:00            Walltime Used: 01:01:08        
   JobFS Requested:    100.0MB                JobFS Used: 0B              
======================================================================================
