Traceback (most recent call last):
  File "/g/data/gv90/xl1657/venvs/cmems_py311/lib64/python3.11/site-packages/xarray/backends/file_manager.py", line 219, in _acquire_with_cache_info
    file = self._cache[self._key]
           ~~~~~~~~~~~^^^^^^^^^^^
  File "/g/data/gv90/xl1657/venvs/cmems_py311/lib64/python3.11/site-packages/xarray/backends/lru_cache.py", line 56, in __getitem__
    value = self._cache[key]
            ~~~~~~~~~~~^^^^^
KeyError: [<class 'netCDF4._netCDF4.Dataset'>, ('/g/data/gv90/xl1657/cmems_sst/cmems_ostia_sst_so30S_1995.nc',), 'r', (('clobber', True), ('diskless', False), ('format', 'NETCDF4'), ('persist', False)), '50385f97-459d-4eb5-be9e-432788ad1359']

During handling of the above exception, another exception occurred:

Traceback (most recent call last):
  File "/g/data/gv90/xl1657/cmems_adt/notebooks/NB12_regrid_sst.py", line 73, in regrid_one_year
    ds = xr.open_dataset(raw_fp, chunks={"time": 31})
         ^^^^^^^^^^^^^^^^^^^^^^^^^^^^^^^^^^^^^^^^^^^^
  File "/g/data/gv90/xl1657/venvs/cmems_py311/lib64/python3.11/site-packages/xarray/backends/api.py", line 607, in open_dataset
    backend_ds = backend.open_dataset(
                 ^^^^^^^^^^^^^^^^^^^^^
  File "/g/data/gv90/xl1657/venvs/cmems_py311/lib64/python3.11/site-packages/xarray/backends/netCDF4_.py", line 771, in open_dataset
    store = NetCDF4DataStore.open(
            ^^^^^^^^^^^^^^^^^^^^^^
  File "/g/data/gv90/xl1657/venvs/cmems_py311/lib64/python3.11/site-packages/xarray/backends/netCDF4_.py", line 529, in open
    return cls(manager, group=group, mode=mode, lock=lock, autoclose=autoclose)
           ^^^^^^^^^^^^^^^^^^^^^^^^^^^^^^^^^^^^^^^^^^^^^^^^^^^^^^^^^^^^^^^^^^^^
  File "/g/data/gv90/xl1657/venvs/cmems_py311/lib64/python3.11/site-packages/xarray/backends/netCDF4_.py", line 429, in __init__
    self.format = self.ds.data_model
                  ^^^^^^^
  File "/g/data/gv90/xl1657/venvs/cmems_py311/lib64/python3.11/site-packages/xarray/backends/netCDF4_.py", line 538, in ds
    return self._acquire()
           ^^^^^^^^^^^^^^^
  File "/g/data/gv90/xl1657/venvs/cmems_py311/lib64/python3.11/site-packages/xarray/backends/netCDF4_.py", line 532, in _acquire
    with self._manager.acquire_context(needs_lock) as root:
  File "/usr/lib64/python3.11/contextlib.py", line 137, in __enter__
    return next(self.gen)
           ^^^^^^^^^^^^^^
  File "/g/data/gv90/xl1657/venvs/cmems_py311/lib64/python3.11/site-packages/xarray/backends/file_manager.py", line 207, in acquire_context
    file, cached = self._acquire_with_cache_info(needs_lock)
                   ^^^^^^^^^^^^^^^^^^^^^^^^^^^^^^^^^^^^^^^^^
  File "/g/data/gv90/xl1657/venvs/cmems_py311/lib64/python3.11/site-packages/xarray/backends/file_manager.py", line 225, in _acquire_with_cache_info
    file = self._opener(*self._args, **kwargs)
           ^^^^^^^^^^^^^^^^^^^^^^^^^^^^^^^^^^^
  File "src/netCDF4/_netCDF4.pyx", line 2521, in netCDF4._netCDF4.Dataset.__init__
  File "src/netCDF4/_netCDF4.pyx", line 2158, in netCDF4._netCDF4._ensure_nc_success
OSError: [Errno -101] NetCDF: HDF error: '/g/data/gv90/xl1657/cmems_sst/cmems_ostia_sst_so30S_1995.nc'
