======================================================================
NB13: Phase 1 SST Trend Analysis
  SST source: /g/data/gv90/xl1657/cmems_adt/meander_sst_project/sst_regridded
  Masks: /g/data/gv90/xl1657/cmems_adt/meander_sst_project/masks
  EKE trends: /g/data/gv90/xl1657/cmems_adt/meander_sst_project/eke_spatial
  Output: /g/data/gv90/xl1657/cmems_adt/meander_sst_project/sst_trends
======================================================================
Loading regridded SST data...
  1993: 12 months
  1994: 12 months
  WARNING: sst_monthly_0125deg_1995.nc not found, skipping.
  1996: 12 months
  1997: 12 months
  1998: 12 months
  1999: 12 months
  2000: 12 months
  2001: 12 months
  2002: 12 months
  2003: 12 months
  2004: 12 months
  2005: 12 months
  2006: 12 months
  2007: 12 months
  2008: 12 months
  2009: 12 months
  2010: 12 months
  2011: 12 months
  2012: 12 months
  2013: 12 months
  2014: 12 months
  2015: 12 months
  2016: 12 months
  2017: 12 months
  2018: 12 months
  2019: 12 months
  2020: 12 months
  2021: 12 months
  2022: 12 months
  2023: 12 months
  2024: 12 months
  2025: 8 months
  Total: 380 months, 481 lat × 2880 lon

Computing per-grid-point SST trends...
  Loading SST cube into memory (481×2880×380)...
  Processing 481 latitude rows...
    Row 20/481 (0s, 0 computed, 57600 skipped)
    Row 40/481 (0s, 0 computed, 115200 skipped)
    Row 60/481 (1s, 0 computed, 172800 skipped)
    Row 80/481 (1s, 0 computed, 230400 skipped)
    Row 100/481 (18s, 1727 computed, 286273 skipped)
    Row 120/481 (136s, 13851 computed, 331749 skipped)
    Row 140/481 (328s, 33327 computed, 369873 skipped)
    Row 160/481 (598s, 60132 computed, 400668 skipped)
    Row 180/481 (1003s, 98794 computed, 419606 skipped)
    Row 200/481 (1589s, 150051 computed, 425949 skipped)
    Row 220/481 (2212s, 207334 computed, 426266 skipped)
    Row 240/481 (2834s, 264902 computed, 426298 skipped)
    Row 260/481 (3462s, 322480 computed, 426320 skipped)
    Row 280/481 (4065s, 380020 computed, 426380 skipped)
    Row 300/481 (4654s, 437043 computed, 426957 skipped)
    Row 320/481 (5250s, 493796 computed, 427804 skipped)
    Row 340/481 (5830s, 550148 computed, 429052 skipped)
    Row 360/481 (6397s, 606270 computed, 430530 skipped)
    Row 380/481 (6971s, 661985 computed, 432415 skipped)
    Row 400/481 (7538s, 717395 computed, 434605 skipped)
    Row 420/481 (8090s, 771895 computed, 437705 skipped)
    Row 440/481 (8640s, 825113 computed, 442087 skipped)
    Row 460/481 (9156s, 875436 computed, 449364 skipped)
    Row 480/481 (9629s, 922248 computed, 460152 skipped)
  Trends computed at 922248 grid points, 463032 skipped
  Significant (p<0.05): 508895 grid points
  Total time: 160.5 minutes
  Saved: /g/data/gv90/xl1657/cmems_adt/meander_sst_project/sst_trends/sst_trend_map.nc

Extracting regional SST trend statistics...
  CP: mean=+0.2109 °C/dec, sig=82.7%, n=28054
  PAR: mean=+0.0050 °C/dec, sig=11.3%, n=31049
  SEIR: mean=+0.1520 °C/dec, sig=72.0%, n=11895
  SWIR: mean=+0.0657 °C/dec, sig=24.0%, n=14698
  CTRL_SE_PAC: mean=+0.0055 °C/dec, sig=3.1%, n=15360
  CTRL_S_IND: mean=+0.1634 °C/dec, sig=86.1%, n=15360
  CTRL_S_ATL: mean=+0.1924 °C/dec, sig=99.0%, n=17920
  CTRL_CP_SEIR: mean=+0.2944 °C/dec, sig=98.1%, n=10560

  MEANDER aggregate mean: +0.1084 °C/dec
  CONTROL aggregate mean: +0.1639 °C/dec
  Difference (meander - control): -0.0555 °C/dec

  Saved: /g/data/gv90/xl1657/cmems_adt/meander_sst_project/sst_trends/sst_trend_stats.csv

Meander vs Control: Kolmogorov-Smirnov test...
  Meander: n=85696, mean=+0.1007 °C/dec
  Control: n=59200, mean=+0.1520 °C/dec
  KS statistic: D = 0.1928
  KS p-value: p = 0.00e+00
  Significant at p<0.05: YES
  Saved: /g/data/gv90/xl1657/cmems_adt/meander_sst_project/sst_trends/ks_test_meander_vs_control.csv

Computing SST-EKE spatial correlation per site...
  CP: R=+0.104, R²=0.011, p=0.00e+00, n=28054
  PAR: R=-0.081, R²=0.007, p=0.00e+00, n=31049
  SEIR: R=-0.020, R²=0.000, p=3.15e-02, n=11895
  SWIR: R=-0.034, R²=0.001, p=3.50e-05, n=14698
  Saved: /g/data/gv90/xl1657/cmems_adt/meander_sst_project/sst_trends/sst_eke_correlation.csv

Computing along-ACC SST trend transect...
  Saved: /g/data/gv90/xl1657/cmems_adt/meander_sst_project/sst_trends/sst_trend_along_acc_transect.nc
  Circumpolar mean SST trend: +0.0988 °C/dec
  SWIR: mean=-0.0482 °C/dec, anomaly from circumpolar=-0.1470 °C/dec
  SEIR: mean=+0.1371 °C/dec, anomaly from circumpolar=+0.0383 °C/dec
  CP: mean=+0.1945 °C/dec, anomaly from circumpolar=+0.0957 °C/dec
  PAR: mean=+nan °C/dec, anomaly from circumpolar=+nan °C/dec

======================================================================
Phase 1 SST trend analysis complete.
All outputs in: /g/data/gv90/xl1657/cmems_adt/meander_sst_project/sst_trends
======================================================================

======================================================================================
                  Resource Usage on 2026-04-06 02:25:53:
   Job Id:             164810968.gadi-pbs
   Project:            gv90
   Exit Status:        0
   Service Units:      42.93
   NCPUs Requested:    1                   CPU Time Used: 02:40:01        
   Memory Requested:   32.0GB                Memory Used: 7.14GB          
   Walltime Requested: 10:00:00            Walltime Used: 02:40:59        
   JobFS Requested:    100.0MB                JobFS Used: 0B              
======================================================================================
